<?xml version="1.0" encoding="UTF-8"?>
<!-- Generated by org.testng.reporters.JUnitXMLReporter -->
<testsuite hostname="MDs-MacBook-Air.fios-router.home" ignored="0" name="CrossBroswer_Firefox" tests="1" failures="0" timestamp="2019-10-15T19:58:24 EDT" time="0.203" errors="0">
  <testcase name="@BeforeMethod setupbrowser" time="0.109" classname="base.Config04">
    <failure type="java.lang.IllegalStateException" message="The driver executable does not exist: /Users/jewel/GitHub/TestNG_Framework_FB/Divers/geckodriver">
      <![CDATA[java.lang.IllegalStateException: The driver executable does not exist: /Users/jewel/GitHub/TestNG_Framework_FB/Divers/geckodriver
at com.google.common.base.Preconditions.checkState(Preconditions.java:585)
at org.openqa.selenium.remote.service.DriverService.checkExecutable(DriverService.java:146)
at org.openqa.selenium.remote.service.DriverService.findExecutable(DriverService.java:141)
at org.openqa.selenium.firefox.GeckoDriverService.access$100(GeckoDriverService.java:44)
at org.openqa.selenium.firefox.GeckoDriverService$Builder.findDefaultExecutable(GeckoDriverService.java:167)
at org.openqa.selenium.remote.service.DriverService$Builder.build(DriverService.java:355)
at org.openqa.selenium.firefox.FirefoxDriver.toExecutor(FirefoxDriver.java:190)
at org.openqa.selenium.firefox.FirefoxDriver.<init>(FirefoxDriver.java:147)
at org.openqa.selenium.firefox.FirefoxDriver.<init>(FirefoxDriver.java:125)
at base.Config04.setupbrowser(Config04.java:27)
at java.util.ArrayList.forEach(ArrayList.java:1257)
at java.util.concurrent.FutureTask.run(FutureTask.java:266)
at java.util.concurrent.ThreadPoolExecutor.runWorker(ThreadPoolExecutor.java:1149)
at java.util.concurrent.ThreadPoolExecutor$Worker.run(ThreadPoolExecutor.java:624)
at java.lang.Thread.run(Thread.java:748)
... Removed 22 stack frames]]>
    </failure>
  </testcase> <!-- @BeforeMethod setupbrowser -->
  <testcase name="@AfterMethod close" time="0.007" classname="base.Config04">
    <failure type="java.lang.NullPointerException">
      <![CDATA[java.lang.NullPointerException
at base.Config04.close(Config04.java:44)
at java.util.ArrayList.forEach(ArrayList.java:1257)
at java.util.concurrent.FutureTask.run(FutureTask.java:266)
at java.util.concurrent.ThreadPoolExecutor.runWorker(ThreadPoolExecutor.java:1149)
at java.util.concurrent.ThreadPoolExecutor$Worker.run(ThreadPoolExecutor.java:624)
at java.lang.Thread.run(Thread.java:748)
... Removed 23 stack frames]]>
    </failure>
  </testcase> <!-- @AfterMethod close -->
  <testcase name="Signup" time="0.0" classname="tests.FbSignUp">
    <skipped/>
  </testcase> <!-- Signup -->
</testsuite> <!-- CrossBroswer_Firefox -->
