<html xmlns:math="http://exslt.org/math" xmlns:testng="http://testng.org">
   <head>
      <title>TestNG Results</title>
      <meta http-equiv="content-type" content="text/html; charset=utf-8"></meta>
      <meta http-equiv="pragma" content="no-cache"></meta>
      <meta http-equiv="cache-control" content="max-age=0"></meta>
      <meta http-equiv="cache-control" content="no-cache"></meta>
      <meta http-equiv="cache-control" content="no-store"></meta>
      <LINK rel="stylesheet" href="style.css"></LINK>
      <script type="text/javascript" src="main.js"></script>
   </head>
   <body>
      <table width="100%" style="font-size: 16px; margin-bottom: 10px;" cellspacing="1">
         <tr>
            <td width="100%">
               Test case
               
               <b>Test</b>
            </td>
            <td style="background-color: #FFBBBB; padding: 3px 3px 3px 0;" align="center">
               <div style="width: 50px;">1</div>
            </td>
            <td style="background-color: lightgreen; padding: 3px 3px 3px 0;" align="center">
               <div style="width: 50px;">4</div>
            </td>
            <td style="background-color: #FFFFBB; padding: 3px 3px 3px 0;" align="center">
               <div style="width: 50px;">0</div>
            </td>
            <td align="center" style="background-color: #eaf0f7; padding: 3px 3px 3px 0;">
               <div style="width: 50px;">5</div>
            </td>
            <td align="center"
                style="font-weight: bold; background-color: #eaf0f7; padding: 3px 3px 3px 0;">
               <div style="width: 50px;">80%</div>
            </td>
            <td style="background-color: #eaf0f7; padding: 3px 3px 3px 0;" align="center"
                nowrap="true">35s
               
            </td>
         </tr>
      </table>
      <div style="width: 200px;">
         <label for="groupMethodsCheckBox" style="font-weight: bold; margin: 0;">
            <input id="groupMethodsCheckBox" type="checkbox" onclick="switchTestMethodsView(this)"
                   checked=""></input>
            Group by class
            
         </label>
         <br></br>
         <label for="methodsFilter_ALL" style="font-weight: bold; margin: 0;">
            <input id="methodsFilter_ALL" type="checkbox"
                   onclick="testMethodsFilterChanged(this, 'ALL')"
                   checked=""></input>
            All
            
         </label>
      </div>
      <label for="methodsFilter_FAIL" style="margin-left: 20px;">
         <input id="methodsFilter_FAIL" type="checkbox"
                onclick="testMethodsFilterChanged(this, 'FAIL')"
                checked=""></input>
         Failed
         
      </label>
      <label for="methodsFilter_PASS">
         <input id="methodsFilter_PASS" type="checkbox"
                onclick="testMethodsFilterChanged(this, 'PASS')"
                checked=""></input>
         Passed
         
      </label>
      <label for="methodsFilter_SKIP">
         <input id="methodsFilter_SKIP" type="checkbox"
                onclick="testMethodsFilterChanged(this, 'SKIP')"
                checked=""></input>
         Skipped
         
      </label>
      <label for="methodsFilter_CONF">
         <input id="methodsFilter_CONF" type="checkbox"
                onclick="testMethodsFilterChanged(this, 'CONF')"
                checked=""></input>
         Config
         
      </label>
      <br></br>
      <div id="testMethodsByStatus" style="display: none;">
         <table class="testMethodsTable" cellpadding="0" cellspacing="0">
            <tr class="methodsTableHeader">
               <td width="100%">Name</td>
               <td nowrap="true">Started</td>
               <td nowrap="true">Duration</td>
               <td>Exception</td>
            </tr>
            <tr id="tests.FbSignIn_SNwithvalidinfo_byStatus_failed_FAIL1_row"
                class="testMethodStatusFAIL">
               <td width="100%" class="firstMethodCell">
                  <a onclick="toggleDetailsVisibility('tests.FbSignIn_SNwithvalidinfo_byStatus_failed_FAIL1_details')">SNwithvalidinfo()</a>
               </td>
               <td nowrap="true">20:51:37</td>
               <td nowrap="true" align="right">3s
                  
               </td>
               <td nowrap="true">
                  <a onclick="toggleDetailsVisibility('tests.FbSignIn_SNwithvalidinfo_byStatus_failed_FAIL1_exception')">org.openqa.selenium.NoSuchElementException: 
                     Cannot locate an element using xpath=//input[@id='email']
                     For documentation on this error, please visit: https://www.seleniumhq.org/exceptions/no_such_element.html
                     Build info: version: '3.141.59', revision: 'e82be7d358', time: '2018-11-14T08:25:48'
                     System info: host: 'MDs-MacBook-Air.home', ip: 'fe80:0:0:0:88b:ccef:4772:8a7c%en0', os.name: 'Mac OS X', os.arch: 'x86_64',
                     os.version: '10.15', java.version: '1.8.0_221'
                     Driver info: driver.version: RemoteWebDriver
                     
                  </a>
                   
                  
               </td>
            </tr>
            <tr>
               <td colspan="4" class="detailsBox">
                  <div id="tests.FbSignIn_SNwithvalidinfo_byStatus_failed_FAIL1_details"
                       class="testMethodDetails">
                     <div>
                        <b>Name: </b>SNwithvalidinfo
                     </div>
                     <div>
                        <b>Signature: </b>SNwithvalidinfo()[pri:0, instance:tests.FbSignIn@4b4523f8]
                     </div>
                     <div>
                        <b>Start time: </b>20:51:37
                     </div>
                     <div>
                        <b>End time: </b>20:51:40
                     </div>
                     <div>
                        <b>Duration: </b>3s
                        
                     </div>
                  </div>
               </td>
            </tr>
            <tr>
               <td colspan="4" class="detailsBox">
                  <div id="tests.FbSignIn_SNwithvalidinfo_byStatus_failed_FAIL1_exception"
                       class="testMethodDetails">
                     <pre style="padding: 5px; margin: 0;">org.openqa.selenium.NoSuchElementException: Cannot locate an element using xpath=//input[@id='email']
                        For documentation on this error, please visit: https://www.seleniumhq.org/exceptions/no_such_element.html
                        Build info: version: '3.141.59', revision: 'e82be7d358', time: '2018-11-14T08:25:48'
                        System info: host: 'MDs-MacBook-Air.home', ip: 'fe80:0:0:0:88b:ccef:4772:8a7c%en0', os.name: 'Mac OS X', os.arch: 'x86_64',
                        os.version: '10.15', java.version: '1.8.0_221'
                        Driver info: driver.version: RemoteWebDriver
                        at org.openqa.selenium.remote.RemoteWebDriver.findElement(RemoteWebDriver.java:327)
                        at org.openqa.selenium.remote.RemoteWebDriver.findElementByXPath(RemoteWebDriver.java:428)
                        at org.openqa.selenium.By$ByXPath.findElement(By.java:353)
                        at org.openqa.selenium.remote.RemoteWebDriver.findElement(RemoteWebDriver.java:315)
                        at util.WebDriverAPI02.TypeByXpath(WebDriverAPI02.java:31)
                        at tests.FbSignIn.SNwithvalidinfo(FbSignIn.java:18)
                        at sun.reflect.NativeMethodAccessorImpl.invoke0(Native Method)
                        at sun.reflect.NativeMethodAccessorImpl.invoke(NativeMethodAccessorImpl.java:62)
                        at sun.reflect.DelegatingMethodAccessorImpl.invoke(DelegatingMethodAccessorImpl.java:43)
                        at java.lang.reflect.Method.invoke(Method.java:498)
                        at org.testng.internal.MethodInvocationHelper.invokeMethod(MethodInvocationHelper.java:133)
                        at org.testng.internal.TestInvoker.invokeMethod(TestInvoker.java:584)
                        at org.testng.internal.TestInvoker.invokeTestMethod(TestInvoker.java:172)
                        at org.testng.internal.MethodRunner.runInSequence(MethodRunner.java:46)
                        at org.testng.internal.TestInvoker$MethodInvocationAgent.invoke(TestInvoker.java:804)
                        at org.testng.internal.TestInvoker.invokeTestMethods(TestInvoker.java:145)
                        at org.testng.internal.TestMethodWorker.invokeTestMethods(TestMethodWorker.java:146)
                        at org.testng.internal.TestMethodWorker.run(TestMethodWorker.java:128)
                        at java.util.ArrayList.forEach(ArrayList.java:1257)
                        at org.testng.TestRunner.privateRun(TestRunner.java:770)
                        at org.testng.TestRunner.run(TestRunner.java:591)
                        at org.testng.SuiteRunner.runTest(SuiteRunner.java:402)
                        at org.testng.SuiteRunner.runSequentially(SuiteRunner.java:396)
                        at org.testng.SuiteRunner.privateRun(SuiteRunner.java:355)
                        at org.testng.SuiteRunner.run(SuiteRunner.java:304)
                        at org.testng.SuiteRunnerWorker.runSuite(SuiteRunnerWorker.java:53)
                        at org.testng.SuiteRunnerWorker.run(SuiteRunnerWorker.java:96)
                        at org.testng.TestNG.runSuitesSequentially(TestNG.java:1180)
                        at org.testng.TestNG.runSuitesLocally(TestNG.java:1102)
                        at org.testng.TestNG.runSuites(TestNG.java:1032)
                        at org.testng.TestNG.run(TestNG.java:1000)
                        at org.testng.remote.AbstractRemoteTestNG.run(AbstractRemoteTestNG.java:115)
                        at org.testng.remote.RemoteTestNG.initAndRun(RemoteTestNG.java:251)
                        at org.testng.remote.RemoteTestNG.main(RemoteTestNG.java:77)
                     </pre>
                  </div>
               </td>
            </tr>
            <tr id="tests.FbHomePageTest_setupbrowser_byStatus_passed_PASS1_row"
                class="testMethodStatusPASS testMethodStatusCONF">
               <td width="100%" class="firstMethodCell">
                  <a onclick="toggleDetailsVisibility('tests.FbHomePageTest_setupbrowser_byStatus_passed_PASS1_details')">setupbrowser(chrome)</a>
               </td>
               <td nowrap="true">20:51:41</td>
               <td nowrap="true" align="right">5s
                  
               </td>
               <td nowrap="true">
                   
                  
               </td>
            </tr>
            <tr>
               <td colspan="4" class="detailsBox">
                  <div id="tests.FbHomePageTest_setupbrowser_byStatus_passed_PASS1_details"
                       class="testMethodDetails">
                     <div>
                        <b>Name: </b>setupbrowser
                     </div>
                     <div>
                        <b>Signature: </b>setupbrowser(java.lang.String)[pri:0, instance:tests.FbHomePageTest@731a74c]
                     </div>
                     <div>
                        <b>Parameters: </b>
                        
                        chrome
                        
                        
                     </div>
                     <div>
                        <b>Start time: </b>20:51:41
                     </div>
                     <div>
                        <b>End time: </b>20:51:46
                     </div>
                     <div>
                        <b>Duration: </b>5s
                        
                     </div>
                  </div>
               </td>
            </tr>
            <tr></tr>
            <tr id="tests.FbHomePageTest_linkTest01_byStatus_passed_PASS2_row"
                class="testMethodStatusPASS">
               <td width="100%" class="firstMethodCell">
                  <a onclick="toggleDetailsVisibility('tests.FbHomePageTest_linkTest01_byStatus_passed_PASS2_details')">linkTest01()</a>
               </td>
               <td nowrap="true">20:51:46</td>
               <td nowrap="true" align="right">56 ms
                  
               </td>
               <td nowrap="true">
                   
                  
               </td>
            </tr>
            <tr>
               <td colspan="4" class="detailsBox">
                  <div id="tests.FbHomePageTest_linkTest01_byStatus_passed_PASS2_details"
                       class="testMethodDetails">
                     <div>
                        <b>Name: </b>linkTest01
                     </div>
                     <div>
                        <b>Signature: </b>linkTest01()[pri:0, instance:tests.FbHomePageTest@731a74c]
                     </div>
                     <div>
                        <b>Start time: </b>20:51:46
                     </div>
                     <div>
                        <b>End time: </b>20:51:46
                     </div>
                     <div>
                        <b>Duration: </b>56 ms
                        
                     </div>
                  </div>
               </td>
            </tr>
            <tr></tr>
            <tr id="tests.FbHomePageTest_close_byStatus_passed_PASS3_row"
                class="testMethodStatusPASS testMethodStatusCONF">
               <td width="100%" class="firstMethodCell">
                  <a onclick="toggleDetailsVisibility('tests.FbHomePageTest_close_byStatus_passed_PASS3_details')">close()</a>
               </td>
               <td nowrap="true">20:51:46</td>
               <td nowrap="true" align="right">172 ms
                  
               </td>
               <td nowrap="true">
                   
                  
               </td>
            </tr>
            <tr>
               <td colspan="4" class="detailsBox">
                  <div id="tests.FbHomePageTest_close_byStatus_passed_PASS3_details"
                       class="testMethodDetails">
                     <div>
                        <b>Name: </b>close
                     </div>
                     <div>
                        <b>Signature: </b>close()[pri:0, instance:tests.FbHomePageTest@731a74c]
                     </div>
                     <div>
                        <b>Start time: </b>20:51:46
                     </div>
                     <div>
                        <b>End time: </b>20:51:46
                     </div>
                     <div>
                        <b>Duration: </b>172 ms
                        
                     </div>
                  </div>
               </td>
            </tr>
            <tr></tr>
            <tr id="tests.FbHomePageTest_setupbrowser_byStatus_passed_PASS4_row"
                class="testMethodStatusPASS testMethodStatusCONF">
               <td width="100%" class="firstMethodCell">
                  <a onclick="toggleDetailsVisibility('tests.FbHomePageTest_setupbrowser_byStatus_passed_PASS4_details')">setupbrowser(chrome)</a>
               </td>
               <td nowrap="true">20:51:46</td>
               <td nowrap="true" align="right">5s
                  
               </td>
               <td nowrap="true">
                   
                  
               </td>
            </tr>
            <tr>
               <td colspan="4" class="detailsBox">
                  <div id="tests.FbHomePageTest_setupbrowser_byStatus_passed_PASS4_details"
                       class="testMethodDetails">
                     <div>
                        <b>Name: </b>setupbrowser
                     </div>
                     <div>
                        <b>Signature: </b>setupbrowser(java.lang.String)[pri:0, instance:tests.FbHomePageTest@731a74c]
                     </div>
                     <div>
                        <b>Parameters: </b>
                        
                        chrome
                        
                        
                     </div>
                     <div>
                        <b>Start time: </b>20:51:46
                     </div>
                     <div>
                        <b>End time: </b>20:51:51
                     </div>
                     <div>
                        <b>Duration: </b>5s
                        
                     </div>
                  </div>
               </td>
            </tr>
            <tr></tr>
            <tr id="tests.FbHomePageTest_FbURLvarify_byStatus_passed_PASS5_row"
                class="testMethodStatusPASS">
               <td width="100%" class="firstMethodCell">
                  <a onclick="toggleDetailsVisibility('tests.FbHomePageTest_FbURLvarify_byStatus_passed_PASS5_details')">FbURLvarify()</a>
               </td>
               <td nowrap="true">20:51:51</td>
               <td nowrap="true" align="right">10 ms
                  
               </td>
               <td nowrap="true">
                   
                  
               </td>
            </tr>
            <tr>
               <td colspan="4" class="detailsBox">
                  <div id="tests.FbHomePageTest_FbURLvarify_byStatus_passed_PASS5_details"
                       class="testMethodDetails">
                     <div>
                        <b>Name: </b>FbURLvarify
                     </div>
                     <div>
                        <b>Signature: </b>FbURLvarify()[pri:1, instance:tests.FbHomePageTest@731a74c]
                     </div>
                     <div>
                        <b>Start time: </b>20:51:51
                     </div>
                     <div>
                        <b>End time: </b>20:51:51
                     </div>
                     <div>
                        <b>Duration: </b>10 ms
                        
                     </div>
                  </div>
               </td>
            </tr>
            <tr></tr>
            <tr id="tests.FbHomePageTest_close_byStatus_passed_PASS6_row"
                class="testMethodStatusPASS testMethodStatusCONF">
               <td width="100%" class="firstMethodCell">
                  <a onclick="toggleDetailsVisibility('tests.FbHomePageTest_close_byStatus_passed_PASS6_details')">close()</a>
               </td>
               <td nowrap="true">20:51:51</td>
               <td nowrap="true" align="right">176 ms
                  
               </td>
               <td nowrap="true">
                   
                  
               </td>
            </tr>
            <tr>
               <td colspan="4" class="detailsBox">
                  <div id="tests.FbHomePageTest_close_byStatus_passed_PASS6_details"
                       class="testMethodDetails">
                     <div>
                        <b>Name: </b>close
                     </div>
                     <div>
                        <b>Signature: </b>close()[pri:0, instance:tests.FbHomePageTest@731a74c]
                     </div>
                     <div>
                        <b>Start time: </b>20:51:51
                     </div>
                     <div>
                        <b>End time: </b>20:51:52
                     </div>
                     <div>
                        <b>Duration: </b>176 ms
                        
                     </div>
                  </div>
               </td>
            </tr>
            <tr></tr>
            <tr id="tests.FbHomePageTest_setupbrowser_byStatus_passed_PASS7_row"
                class="testMethodStatusPASS testMethodStatusCONF">
               <td width="100%" class="firstMethodCell">
                  <a onclick="toggleDetailsVisibility('tests.FbHomePageTest_setupbrowser_byStatus_passed_PASS7_details')">setupbrowser(chrome)</a>
               </td>
               <td nowrap="true">20:51:52</td>
               <td nowrap="true" align="right">5s
                  
               </td>
               <td nowrap="true">
                   
                  
               </td>
            </tr>
            <tr>
               <td colspan="4" class="detailsBox">
                  <div id="tests.FbHomePageTest_setupbrowser_byStatus_passed_PASS7_details"
                       class="testMethodDetails">
                     <div>
                        <b>Name: </b>setupbrowser
                     </div>
                     <div>
                        <b>Signature: </b>setupbrowser(java.lang.String)[pri:0, instance:tests.FbHomePageTest@731a74c]
                     </div>
                     <div>
                        <b>Parameters: </b>
                        
                        chrome
                        
                        
                     </div>
                     <div>
                        <b>Start time: </b>20:51:52
                     </div>
                     <div>
                        <b>End time: </b>20:51:57
                     </div>
                     <div>
                        <b>Duration: </b>5s
                        
                     </div>
                  </div>
               </td>
            </tr>
            <tr></tr>
            <tr id="tests.FbHomePageTest_tilleTest_byStatus_passed_PASS8_row"
                class="testMethodStatusPASS">
               <td width="100%" class="firstMethodCell">
                  <a onclick="toggleDetailsVisibility('tests.FbHomePageTest_tilleTest_byStatus_passed_PASS8_details')">tilleTest()</a>
               </td>
               <td nowrap="true">20:51:57</td>
               <td nowrap="true" align="right">11 ms
                  
               </td>
               <td nowrap="true">
                   
                  
               </td>
            </tr>
            <tr>
               <td colspan="4" class="detailsBox">
                  <div id="tests.FbHomePageTest_tilleTest_byStatus_passed_PASS8_details"
                       class="testMethodDetails">
                     <div>
                        <b>Name: </b>tilleTest
                     </div>
                     <div>
                        <b>Signature: </b>tilleTest()[pri:2, instance:tests.FbHomePageTest@731a74c]
                     </div>
                     <div>
                        <b>Start time: </b>20:51:57
                     </div>
                     <div>
                        <b>End time: </b>20:51:57
                     </div>
                     <div>
                        <b>Duration: </b>11 ms
                        
                     </div>
                  </div>
               </td>
            </tr>
            <tr></tr>
            <tr id="tests.FbHomePageTest_close_byStatus_passed_PASS9_row"
                class="testMethodStatusPASS testMethodStatusCONF">
               <td width="100%" class="firstMethodCell">
                  <a onclick="toggleDetailsVisibility('tests.FbHomePageTest_close_byStatus_passed_PASS9_details')">close()</a>
               </td>
               <td nowrap="true">20:51:57</td>
               <td nowrap="true" align="right">266 ms
                  
               </td>
               <td nowrap="true">
                   
                  
               </td>
            </tr>
            <tr>
               <td colspan="4" class="detailsBox">
                  <div id="tests.FbHomePageTest_close_byStatus_passed_PASS9_details"
                       class="testMethodDetails">
                     <div>
                        <b>Name: </b>close
                     </div>
                     <div>
                        <b>Signature: </b>close()[pri:0, instance:tests.FbHomePageTest@731a74c]
                     </div>
                     <div>
                        <b>Start time: </b>20:51:57
                     </div>
                     <div>
                        <b>End time: </b>20:51:57
                     </div>
                     <div>
                        <b>Duration: </b>266 ms
                        
                     </div>
                  </div>
               </td>
            </tr>
            <tr></tr>
            <tr id="tests.FbSignIn_setupbrowser_byStatus_passed_PASS10_row"
                class="testMethodStatusPASS testMethodStatusCONF">
               <td width="100%" class="firstMethodCell">
                  <a onclick="toggleDetailsVisibility('tests.FbSignIn_setupbrowser_byStatus_passed_PASS10_details')">setupbrowser(chrome)</a>
               </td>
               <td nowrap="true">20:51:33</td>
               <td nowrap="true" align="right">3s
                  
               </td>
               <td nowrap="true">
                   
                  
               </td>
            </tr>
            <tr>
               <td colspan="4" class="detailsBox">
                  <div id="tests.FbSignIn_setupbrowser_byStatus_passed_PASS10_details"
                       class="testMethodDetails">
                     <div>
                        <b>Name: </b>setupbrowser
                     </div>
                     <div>
                        <b>Signature: </b>setupbrowser(java.lang.String)[pri:0, instance:tests.FbSignIn@4b4523f8]
                     </div>
                     <div>
                        <b>Parameters: </b>
                        
                        chrome
                        
                        
                     </div>
                     <div>
                        <b>Start time: </b>20:51:33
                     </div>
                     <div>
                        <b>End time: </b>20:51:37
                     </div>
                     <div>
                        <b>Duration: </b>3s
                        
                     </div>
                  </div>
               </td>
            </tr>
            <tr></tr>
            <tr id="tests.FbSignIn_close_byStatus_passed_PASS11_row"
                class="testMethodStatusPASS testMethodStatusCONF">
               <td width="100%" class="firstMethodCell">
                  <a onclick="toggleDetailsVisibility('tests.FbSignIn_close_byStatus_passed_PASS11_details')">close()</a>
               </td>
               <td nowrap="true">20:51:40</td>
               <td nowrap="true" align="right">120 ms
                  
               </td>
               <td nowrap="true">
                   
                  
               </td>
            </tr>
            <tr>
               <td colspan="4" class="detailsBox">
                  <div id="tests.FbSignIn_close_byStatus_passed_PASS11_details"
                       class="testMethodDetails">
                     <div>
                        <b>Name: </b>close
                     </div>
                     <div>
                        <b>Signature: </b>close()[pri:0, instance:tests.FbSignIn@4b4523f8]
                     </div>
                     <div>
                        <b>Start time: </b>20:51:40
                     </div>
                     <div>
                        <b>End time: </b>20:51:41
                     </div>
                     <div>
                        <b>Duration: </b>120 ms
                        
                     </div>
                  </div>
               </td>
            </tr>
            <tr></tr>
            <tr id="tests.FbSignUp_setupbrowser_byStatus_passed_PASS12_row"
                class="testMethodStatusPASS testMethodStatusCONF">
               <td width="100%" class="firstMethodCell">
                  <a onclick="toggleDetailsVisibility('tests.FbSignUp_setupbrowser_byStatus_passed_PASS12_details')">setupbrowser(chrome)</a>
               </td>
               <td nowrap="true">20:51:22</td>
               <td nowrap="true" align="right">10s
                  
               </td>
               <td nowrap="true">
                   
                  
               </td>
            </tr>
            <tr>
               <td colspan="4" class="detailsBox">
                  <div id="tests.FbSignUp_setupbrowser_byStatus_passed_PASS12_details"
                       class="testMethodDetails">
                     <div>
                        <b>Name: </b>setupbrowser
                     </div>
                     <div>
                        <b>Signature: </b>setupbrowser(java.lang.String)[pri:0, instance:tests.FbSignUp@5a8e6209]
                     </div>
                     <div>
                        <b>Parameters: </b>
                        
                        chrome
                        
                        
                     </div>
                     <div>
                        <b>Start time: </b>20:51:22
                     </div>
                     <div>
                        <b>End time: </b>20:51:32
                     </div>
                     <div>
                        <b>Duration: </b>10s
                        
                     </div>
                  </div>
               </td>
            </tr>
            <tr></tr>
            <tr id="tests.FbSignUp_Signup_byStatus_passed_PASS13_row"
                class="testMethodStatusPASS">
               <td width="100%" class="firstMethodCell">
                  <a onclick="toggleDetailsVisibility('tests.FbSignUp_Signup_byStatus_passed_PASS13_details')">Signup()</a>
               </td>
               <td nowrap="true">20:51:32</td>
               <td nowrap="true" align="right">823 ms
                  
               </td>
               <td nowrap="true">
                   
                  
               </td>
            </tr>
            <tr>
               <td colspan="4" class="detailsBox">
                  <div id="tests.FbSignUp_Signup_byStatus_passed_PASS13_details"
                       class="testMethodDetails">
                     <div>
                        <b>Name: </b>Signup
                     </div>
                     <div>
                        <b>Signature: </b>Signup()[pri:0, instance:tests.FbSignUp@5a8e6209]
                     </div>
                     <div>
                        <b>Start time: </b>20:51:32
                     </div>
                     <div>
                        <b>End time: </b>20:51:33
                     </div>
                     <div>
                        <b>Duration: </b>823 ms
                        
                     </div>
                  </div>
               </td>
            </tr>
            <tr></tr>
            <tr id="tests.FbSignUp_close_byStatus_passed_PASS14_row"
                class="testMethodStatusPASS testMethodStatusCONF">
               <td width="100%" class="firstMethodCell">
                  <a onclick="toggleDetailsVisibility('tests.FbSignUp_close_byStatus_passed_PASS14_details')">close()</a>
               </td>
               <td nowrap="true">20:51:33</td>
               <td nowrap="true" align="right">258 ms
                  
               </td>
               <td nowrap="true">
                   
                  
               </td>
            </tr>
            <tr>
               <td colspan="4" class="detailsBox">
                  <div id="tests.FbSignUp_close_byStatus_passed_PASS14_details"
                       class="testMethodDetails">
                     <div>
                        <b>Name: </b>close
                     </div>
                     <div>
                        <b>Signature: </b>close()[pri:0, instance:tests.FbSignUp@5a8e6209]
                     </div>
                     <div>
                        <b>Start time: </b>20:51:33
                     </div>
                     <div>
                        <b>End time: </b>20:51:33
                     </div>
                     <div>
                        <b>Duration: </b>258 ms
                        
                     </div>
                  </div>
               </td>
            </tr>
            <tr></tr>
         </table>
      </div>
      <div id="testMethodsByClass">
         <table class="testMethodsTable" cellpadding="0" cellspacing="0">
            <tr>
               <td colspan="4">
                  <h3 style="display: inline;">tests.FbHomePageTest</h3>
               </td>
            </tr>
            <tr class="methodsTableHeader">
               <td width="100%">Name</td>
               <td nowrap="true">Started</td>
               <td nowrap="true">Duration</td>
               <td>Exception</td>
            </tr>
            <tr id="tests.FbHomePageTest_setupbrowser_byClass_PASS1_row"
                class="testMethodStatusPASS testMethodStatusCONF">
               <td width="100%" class="firstMethodCell">
                  <a onclick="toggleDetailsVisibility('tests.FbHomePageTest_setupbrowser_byClass_PASS1_details')">setupbrowser(chrome)</a>
               </td>
               <td nowrap="true">20:51:41</td>
               <td nowrap="true" align="right">5s
                  
               </td>
               <td nowrap="true">
                   
                  
               </td>
            </tr>
            <tr>
               <td colspan="4" class="detailsBox">
                  <div id="tests.FbHomePageTest_setupbrowser_byClass_PASS1_details"
                       class="testMethodDetails">
                     <div>
                        <b>Name: </b>setupbrowser
                     </div>
                     <div>
                        <b>Signature: </b>setupbrowser(java.lang.String)[pri:0, instance:tests.FbHomePageTest@731a74c]
                     </div>
                     <div>
                        <b>Parameters: </b>
                        
                        chrome
                        
                        
                     </div>
                     <div>
                        <b>Start time: </b>20:51:41
                     </div>
                     <div>
                        <b>End time: </b>20:51:46
                     </div>
                     <div>
                        <b>Duration: </b>5s
                        
                     </div>
                  </div>
               </td>
            </tr>
            <tr></tr>
            <tr id="tests.FbHomePageTest_linkTest01_byClass_PASS2_row"
                class="testMethodStatusPASS">
               <td width="100%" class="firstMethodCell">
                  <a onclick="toggleDetailsVisibility('tests.FbHomePageTest_linkTest01_byClass_PASS2_details')">linkTest01()</a>
               </td>
               <td nowrap="true">20:51:46</td>
               <td nowrap="true" align="right">56 ms
                  
               </td>
               <td nowrap="true">
                   
                  
               </td>
            </tr>
            <tr>
               <td colspan="4" class="detailsBox">
                  <div id="tests.FbHomePageTest_linkTest01_byClass_PASS2_details"
                       class="testMethodDetails">
                     <div>
                        <b>Name: </b>linkTest01
                     </div>
                     <div>
                        <b>Signature: </b>linkTest01()[pri:0, instance:tests.FbHomePageTest@731a74c]
                     </div>
                     <div>
                        <b>Start time: </b>20:51:46
                     </div>
                     <div>
                        <b>End time: </b>20:51:46
                     </div>
                     <div>
                        <b>Duration: </b>56 ms
                        
                     </div>
                  </div>
               </td>
            </tr>
            <tr></tr>
            <tr id="tests.FbHomePageTest_close_byClass_PASS3_row"
                class="testMethodStatusPASS testMethodStatusCONF">
               <td width="100%" class="firstMethodCell">
                  <a onclick="toggleDetailsVisibility('tests.FbHomePageTest_close_byClass_PASS3_details')">close()</a>
               </td>
               <td nowrap="true">20:51:46</td>
               <td nowrap="true" align="right">172 ms
                  
               </td>
               <td nowrap="true">
                   
                  
               </td>
            </tr>
            <tr>
               <td colspan="4" class="detailsBox">
                  <div id="tests.FbHomePageTest_close_byClass_PASS3_details" class="testMethodDetails">
                     <div>
                        <b>Name: </b>close
                     </div>
                     <div>
                        <b>Signature: </b>close()[pri:0, instance:tests.FbHomePageTest@731a74c]
                     </div>
                     <div>
                        <b>Start time: </b>20:51:46
                     </div>
                     <div>
                        <b>End time: </b>20:51:46
                     </div>
                     <div>
                        <b>Duration: </b>172 ms
                        
                     </div>
                  </div>
               </td>
            </tr>
            <tr></tr>
            <tr id="tests.FbHomePageTest_setupbrowser_byClass_PASS4_row"
                class="testMethodStatusPASS testMethodStatusCONF">
               <td width="100%" class="firstMethodCell">
                  <a onclick="toggleDetailsVisibility('tests.FbHomePageTest_setupbrowser_byClass_PASS4_details')">setupbrowser(chrome)</a>
               </td>
               <td nowrap="true">20:51:46</td>
               <td nowrap="true" align="right">5s
                  
               </td>
               <td nowrap="true">
                   
                  
               </td>
            </tr>
            <tr>
               <td colspan="4" class="detailsBox">
                  <div id="tests.FbHomePageTest_setupbrowser_byClass_PASS4_details"
                       class="testMethodDetails">
                     <div>
                        <b>Name: </b>setupbrowser
                     </div>
                     <div>
                        <b>Signature: </b>setupbrowser(java.lang.String)[pri:0, instance:tests.FbHomePageTest@731a74c]
                     </div>
                     <div>
                        <b>Parameters: </b>
                        
                        chrome
                        
                        
                     </div>
                     <div>
                        <b>Start time: </b>20:51:46
                     </div>
                     <div>
                        <b>End time: </b>20:51:51
                     </div>
                     <div>
                        <b>Duration: </b>5s
                        
                     </div>
                  </div>
               </td>
            </tr>
            <tr></tr>
            <tr id="tests.FbHomePageTest_FbURLvarify_byClass_PASS5_row"
                class="testMethodStatusPASS">
               <td width="100%" class="firstMethodCell">
                  <a onclick="toggleDetailsVisibility('tests.FbHomePageTest_FbURLvarify_byClass_PASS5_details')">FbURLvarify()</a>
               </td>
               <td nowrap="true">20:51:51</td>
               <td nowrap="true" align="right">10 ms
                  
               </td>
               <td nowrap="true">
                   
                  
               </td>
            </tr>
            <tr>
               <td colspan="4" class="detailsBox">
                  <div id="tests.FbHomePageTest_FbURLvarify_byClass_PASS5_details"
                       class="testMethodDetails">
                     <div>
                        <b>Name: </b>FbURLvarify
                     </div>
                     <div>
                        <b>Signature: </b>FbURLvarify()[pri:1, instance:tests.FbHomePageTest@731a74c]
                     </div>
                     <div>
                        <b>Start time: </b>20:51:51
                     </div>
                     <div>
                        <b>End time: </b>20:51:51
                     </div>
                     <div>
                        <b>Duration: </b>10 ms
                        
                     </div>
                  </div>
               </td>
            </tr>
            <tr></tr>
            <tr id="tests.FbHomePageTest_close_byClass_PASS6_row"
                class="testMethodStatusPASS testMethodStatusCONF">
               <td width="100%" class="firstMethodCell">
                  <a onclick="toggleDetailsVisibility('tests.FbHomePageTest_close_byClass_PASS6_details')">close()</a>
               </td>
               <td nowrap="true">20:51:51</td>
               <td nowrap="true" align="right">176 ms
                  
               </td>
               <td nowrap="true">
                   
                  
               </td>
            </tr>
            <tr>
               <td colspan="4" class="detailsBox">
                  <div id="tests.FbHomePageTest_close_byClass_PASS6_details" class="testMethodDetails">
                     <div>
                        <b>Name: </b>close
                     </div>
                     <div>
                        <b>Signature: </b>close()[pri:0, instance:tests.FbHomePageTest@731a74c]
                     </div>
                     <div>
                        <b>Start time: </b>20:51:51
                     </div>
                     <div>
                        <b>End time: </b>20:51:52
                     </div>
                     <div>
                        <b>Duration: </b>176 ms
                        
                     </div>
                  </div>
               </td>
            </tr>
            <tr></tr>
            <tr id="tests.FbHomePageTest_setupbrowser_byClass_PASS7_row"
                class="testMethodStatusPASS testMethodStatusCONF">
               <td width="100%" class="firstMethodCell">
                  <a onclick="toggleDetailsVisibility('tests.FbHomePageTest_setupbrowser_byClass_PASS7_details')">setupbrowser(chrome)</a>
               </td>
               <td nowrap="true">20:51:52</td>
               <td nowrap="true" align="right">5s
                  
               </td>
               <td nowrap="true">
                   
                  
               </td>
            </tr>
            <tr>
               <td colspan="4" class="detailsBox">
                  <div id="tests.FbHomePageTest_setupbrowser_byClass_PASS7_details"
                       class="testMethodDetails">
                     <div>
                        <b>Name: </b>setupbrowser
                     </div>
                     <div>
                        <b>Signature: </b>setupbrowser(java.lang.String)[pri:0, instance:tests.FbHomePageTest@731a74c]
                     </div>
                     <div>
                        <b>Parameters: </b>
                        
                        chrome
                        
                        
                     </div>
                     <div>
                        <b>Start time: </b>20:51:52
                     </div>
                     <div>
                        <b>End time: </b>20:51:57
                     </div>
                     <div>
                        <b>Duration: </b>5s
                        
                     </div>
                  </div>
               </td>
            </tr>
            <tr></tr>
            <tr id="tests.FbHomePageTest_tilleTest_byClass_PASS8_row"
                class="testMethodStatusPASS">
               <td width="100%" class="firstMethodCell">
                  <a onclick="toggleDetailsVisibility('tests.FbHomePageTest_tilleTest_byClass_PASS8_details')">tilleTest()</a>
               </td>
               <td nowrap="true">20:51:57</td>
               <td nowrap="true" align="right">11 ms
                  
               </td>
               <td nowrap="true">
                   
                  
               </td>
            </tr>
            <tr>
               <td colspan="4" class="detailsBox">
                  <div id="tests.FbHomePageTest_tilleTest_byClass_PASS8_details"
                       class="testMethodDetails">
                     <div>
                        <b>Name: </b>tilleTest
                     </div>
                     <div>
                        <b>Signature: </b>tilleTest()[pri:2, instance:tests.FbHomePageTest@731a74c]
                     </div>
                     <div>
                        <b>Start time: </b>20:51:57
                     </div>
                     <div>
                        <b>End time: </b>20:51:57
                     </div>
                     <div>
                        <b>Duration: </b>11 ms
                        
                     </div>
                  </div>
               </td>
            </tr>
            <tr></tr>
            <tr id="tests.FbHomePageTest_close_byClass_PASS9_row"
                class="testMethodStatusPASS testMethodStatusCONF">
               <td width="100%" class="firstMethodCell">
                  <a onclick="toggleDetailsVisibility('tests.FbHomePageTest_close_byClass_PASS9_details')">close()</a>
               </td>
               <td nowrap="true">20:51:57</td>
               <td nowrap="true" align="right">266 ms
                  
               </td>
               <td nowrap="true">
                   
                  
               </td>
            </tr>
            <tr>
               <td colspan="4" class="detailsBox">
                  <div id="tests.FbHomePageTest_close_byClass_PASS9_details" class="testMethodDetails">
                     <div>
                        <b>Name: </b>close
                     </div>
                     <div>
                        <b>Signature: </b>close()[pri:0, instance:tests.FbHomePageTest@731a74c]
                     </div>
                     <div>
                        <b>Start time: </b>20:51:57
                     </div>
                     <div>
                        <b>End time: </b>20:51:57
                     </div>
                     <div>
                        <b>Duration: </b>266 ms
                        
                     </div>
                  </div>
               </td>
            </tr>
            <tr></tr>
         </table>
         <br></br>
         <table class="testMethodsTable" cellpadding="0" cellspacing="0">
            <tr>
               <td colspan="4">
                  <h3 style="display: inline;">tests.FbSignIn</h3>
               </td>
            </tr>
            <tr class="methodsTableHeader">
               <td width="100%">Name</td>
               <td nowrap="true">Started</td>
               <td nowrap="true">Duration</td>
               <td>Exception</td>
            </tr>
            <tr id="tests.FbSignIn_setupbrowser_byClass_PASS1_row"
                class="testMethodStatusPASS testMethodStatusCONF">
               <td width="100%" class="firstMethodCell">
                  <a onclick="toggleDetailsVisibility('tests.FbSignIn_setupbrowser_byClass_PASS1_details')">setupbrowser(chrome)</a>
               </td>
               <td nowrap="true">20:51:33</td>
               <td nowrap="true" align="right">3s
                  
               </td>
               <td nowrap="true">
                   
                  
               </td>
            </tr>
            <tr>
               <td colspan="4" class="detailsBox">
                  <div id="tests.FbSignIn_setupbrowser_byClass_PASS1_details"
                       class="testMethodDetails">
                     <div>
                        <b>Name: </b>setupbrowser
                     </div>
                     <div>
                        <b>Signature: </b>setupbrowser(java.lang.String)[pri:0, instance:tests.FbSignIn@4b4523f8]
                     </div>
                     <div>
                        <b>Parameters: </b>
                        
                        chrome
                        
                        
                     </div>
                     <div>
                        <b>Start time: </b>20:51:33
                     </div>
                     <div>
                        <b>End time: </b>20:51:37
                     </div>
                     <div>
                        <b>Duration: </b>3s
                        
                     </div>
                  </div>
               </td>
            </tr>
            <tr></tr>
            <tr id="tests.FbSignIn_SNwithvalidinfo_byClass_FAIL2_row"
                class="testMethodStatusFAIL">
               <td width="100%" class="firstMethodCell">
                  <a onclick="toggleDetailsVisibility('tests.FbSignIn_SNwithvalidinfo_byClass_FAIL2_details')">SNwithvalidinfo()</a>
               </td>
               <td nowrap="true">20:51:37</td>
               <td nowrap="true" align="right">3s
                  
               </td>
               <td nowrap="true">
                  <a onclick="toggleDetailsVisibility('tests.FbSignIn_SNwithvalidinfo_byClass_FAIL2_exception')">org.openqa.selenium.NoSuchElementException: 
                     Cannot locate an element using xpath=//input[@id='email']
                     For documentation on this error, please visit: https://www.seleniumhq.org/exceptions/no_such_element.html
                     Build info: version: '3.141.59', revision: 'e82be7d358', time: '2018-11-14T08:25:48'
                     System info: host: 'MDs-MacBook-Air.home', ip: 'fe80:0:0:0:88b:ccef:4772:8a7c%en0', os.name: 'Mac OS X', os.arch: 'x86_64',
                     os.version: '10.15', java.version: '1.8.0_221'
                     Driver info: driver.version: RemoteWebDriver
                     
                  </a>
                   
                  
               </td>
            </tr>
            <tr>
               <td colspan="4" class="detailsBox">
                  <div id="tests.FbSignIn_SNwithvalidinfo_byClass_FAIL2_details"
                       class="testMethodDetails">
                     <div>
                        <b>Name: </b>SNwithvalidinfo
                     </div>
                     <div>
                        <b>Signature: </b>SNwithvalidinfo()[pri:0, instance:tests.FbSignIn@4b4523f8]
                     </div>
                     <div>
                        <b>Start time: </b>20:51:37
                     </div>
                     <div>
                        <b>End time: </b>20:51:40
                     </div>
                     <div>
                        <b>Duration: </b>3s
                        
                     </div>
                  </div>
               </td>
            </tr>
            <tr>
               <td colspan="4" class="detailsBox">
                  <div id="tests.FbSignIn_SNwithvalidinfo_byClass_FAIL2_exception"
                       class="testMethodDetails">
                     <pre style="padding: 5px; margin: 0;">org.openqa.selenium.NoSuchElementException: Cannot locate an element using xpath=//input[@id='email']
                        For documentation on this error, please visit: https://www.seleniumhq.org/exceptions/no_such_element.html
                        Build info: version: '3.141.59', revision: 'e82be7d358', time: '2018-11-14T08:25:48'
                        System info: host: 'MDs-MacBook-Air.home', ip: 'fe80:0:0:0:88b:ccef:4772:8a7c%en0', os.name: 'Mac OS X', os.arch: 'x86_64',
                        os.version: '10.15', java.version: '1.8.0_221'
                        Driver info: driver.version: RemoteWebDriver
                        at org.openqa.selenium.remote.RemoteWebDriver.findElement(RemoteWebDriver.java:327)
                        at org.openqa.selenium.remote.RemoteWebDriver.findElementByXPath(RemoteWebDriver.java:428)
                        at org.openqa.selenium.By$ByXPath.findElement(By.java:353)
                        at org.openqa.selenium.remote.RemoteWebDriver.findElement(RemoteWebDriver.java:315)
                        at util.WebDriverAPI02.TypeByXpath(WebDriverAPI02.java:31)
                        at tests.FbSignIn.SNwithvalidinfo(FbSignIn.java:18)
                        at sun.reflect.NativeMethodAccessorImpl.invoke0(Native Method)
                        at sun.reflect.NativeMethodAccessorImpl.invoke(NativeMethodAccessorImpl.java:62)
                        at sun.reflect.DelegatingMethodAccessorImpl.invoke(DelegatingMethodAccessorImpl.java:43)
                        at java.lang.reflect.Method.invoke(Method.java:498)
                        at org.testng.internal.MethodInvocationHelper.invokeMethod(MethodInvocationHelper.java:133)
                        at org.testng.internal.TestInvoker.invokeMethod(TestInvoker.java:584)
                        at org.testng.internal.TestInvoker.invokeTestMethod(TestInvoker.java:172)
                        at org.testng.internal.MethodRunner.runInSequence(MethodRunner.java:46)
                        at org.testng.internal.TestInvoker$MethodInvocationAgent.invoke(TestInvoker.java:804)
                        at org.testng.internal.TestInvoker.invokeTestMethods(TestInvoker.java:145)
                        at org.testng.internal.TestMethodWorker.invokeTestMethods(TestMethodWorker.java:146)
                        at org.testng.internal.TestMethodWorker.run(TestMethodWorker.java:128)
                        at java.util.ArrayList.forEach(ArrayList.java:1257)
                        at org.testng.TestRunner.privateRun(TestRunner.java:770)
                        at org.testng.TestRunner.run(TestRunner.java:591)
                        at org.testng.SuiteRunner.runTest(SuiteRunner.java:402)
                        at org.testng.SuiteRunner.runSequentially(SuiteRunner.java:396)
                        at org.testng.SuiteRunner.privateRun(SuiteRunner.java:355)
                        at org.testng.SuiteRunner.run(SuiteRunner.java:304)
                        at org.testng.SuiteRunnerWorker.runSuite(SuiteRunnerWorker.java:53)
                        at org.testng.SuiteRunnerWorker.run(SuiteRunnerWorker.java:96)
                        at org.testng.TestNG.runSuitesSequentially(TestNG.java:1180)
                        at org.testng.TestNG.runSuitesLocally(TestNG.java:1102)
                        at org.testng.TestNG.runSuites(TestNG.java:1032)
                        at org.testng.TestNG.run(TestNG.java:1000)
                        at org.testng.remote.AbstractRemoteTestNG.run(AbstractRemoteTestNG.java:115)
                        at org.testng.remote.RemoteTestNG.initAndRun(RemoteTestNG.java:251)
                        at org.testng.remote.RemoteTestNG.main(RemoteTestNG.java:77)
                     </pre>
                  </div>
               </td>
            </tr>
            <tr id="tests.FbSignIn_close_byClass_PASS3_row"
                class="testMethodStatusPASS testMethodStatusCONF">
               <td width="100%" class="firstMethodCell">
                  <a onclick="toggleDetailsVisibility('tests.FbSignIn_close_byClass_PASS3_details')">close()</a>
               </td>
               <td nowrap="true">20:51:40</td>
               <td nowrap="true" align="right">120 ms
                  
               </td>
               <td nowrap="true">
                   
                  
               </td>
            </tr>
            <tr>
               <td colspan="4" class="detailsBox">
                  <div id="tests.FbSignIn_close_byClass_PASS3_details" class="testMethodDetails">
                     <div>
                        <b>Name: </b>close
                     </div>
                     <div>
                        <b>Signature: </b>close()[pri:0, instance:tests.FbSignIn@4b4523f8]
                     </div>
                     <div>
                        <b>Start time: </b>20:51:40
                     </div>
                     <div>
                        <b>End time: </b>20:51:41
                     </div>
                     <div>
                        <b>Duration: </b>120 ms
                        
                     </div>
                  </div>
               </td>
            </tr>
            <tr></tr>
         </table>
         <br></br>
         <table class="testMethodsTable" cellpadding="0" cellspacing="0">
            <tr>
               <td colspan="4">
                  <h3 style="display: inline;">tests.FbSignUp</h3>
               </td>
            </tr>
            <tr class="methodsTableHeader">
               <td width="100%">Name</td>
               <td nowrap="true">Started</td>
               <td nowrap="true">Duration</td>
               <td>Exception</td>
            </tr>
            <tr id="tests.FbSignUp_setupbrowser_byClass_PASS1_row"
                class="testMethodStatusPASS testMethodStatusCONF">
               <td width="100%" class="firstMethodCell">
                  <a onclick="toggleDetailsVisibility('tests.FbSignUp_setupbrowser_byClass_PASS1_details')">setupbrowser(chrome)</a>
               </td>
               <td nowrap="true">20:51:22</td>
               <td nowrap="true" align="right">10s
                  
               </td>
               <td nowrap="true">
                   
                  
               </td>
            </tr>
            <tr>
               <td colspan="4" class="detailsBox">
                  <div id="tests.FbSignUp_setupbrowser_byClass_PASS1_details"
                       class="testMethodDetails">
                     <div>
                        <b>Name: </b>setupbrowser
                     </div>
                     <div>
                        <b>Signature: </b>setupbrowser(java.lang.String)[pri:0, instance:tests.FbSignUp@5a8e6209]
                     </div>
                     <div>
                        <b>Parameters: </b>
                        
                        chrome
                        
                        
                     </div>
                     <div>
                        <b>Start time: </b>20:51:22
                     </div>
                     <div>
                        <b>End time: </b>20:51:32
                     </div>
                     <div>
                        <b>Duration: </b>10s
                        
                     </div>
                  </div>
               </td>
            </tr>
            <tr></tr>
            <tr id="tests.FbSignUp_Signup_byClass_PASS2_row" class="testMethodStatusPASS">
               <td width="100%" class="firstMethodCell">
                  <a onclick="toggleDetailsVisibility('tests.FbSignUp_Signup_byClass_PASS2_details')">Signup()</a>
               </td>
               <td nowrap="true">20:51:32</td>
               <td nowrap="true" align="right">823 ms
                  
               </td>
               <td nowrap="true">
                   
                  
               </td>
            </tr>
            <tr>
               <td colspan="4" class="detailsBox">
                  <div id="tests.FbSignUp_Signup_byClass_PASS2_details" class="testMethodDetails">
                     <div>
                        <b>Name: </b>Signup
                     </div>
                     <div>
                        <b>Signature: </b>Signup()[pri:0, instance:tests.FbSignUp@5a8e6209]
                     </div>
                     <div>
                        <b>Start time: </b>20:51:32
                     </div>
                     <div>
                        <b>End time: </b>20:51:33
                     </div>
                     <div>
                        <b>Duration: </b>823 ms
                        
                     </div>
                  </div>
               </td>
            </tr>
            <tr></tr>
            <tr id="tests.FbSignUp_close_byClass_PASS3_row"
                class="testMethodStatusPASS testMethodStatusCONF">
               <td width="100%" class="firstMethodCell">
                  <a onclick="toggleDetailsVisibility('tests.FbSignUp_close_byClass_PASS3_details')">close()</a>
               </td>
               <td nowrap="true">20:51:33</td>
               <td nowrap="true" align="right">258 ms
                  
               </td>
               <td nowrap="true">
                   
                  
               </td>
            </tr>
            <tr>
               <td colspan="4" class="detailsBox">
                  <div id="tests.FbSignUp_close_byClass_PASS3_details" class="testMethodDetails">
                     <div>
                        <b>Name: </b>close
                     </div>
                     <div>
                        <b>Signature: </b>close()[pri:0, instance:tests.FbSignUp@5a8e6209]
                     </div>
                     <div>
                        <b>Start time: </b>20:51:33
                     </div>
                     <div>
                        <b>End time: </b>20:51:33
                     </div>
                     <div>
                        <b>Duration: </b>258 ms
                        
                     </div>
                  </div>
               </td>
            </tr>
            <tr></tr>
         </table>
         <br></br>
      </div>
      <div style="margin-top: 15px; color: gray; text-align: center; font-size: 9px;">
         Generated with
         
         <a href="http://code.google.com/p/testng-xslt/" style="color: #8888aa;"
            target="_blank">
            TestNG XSLT
            
         </a>
      </div>
   </body>
</html>