<?xml version="1.0" encoding="UTF-8"?>
<!-- Generated by org.testng.reporters.JUnitXMLReporter -->
<testsuite hostname="MDs-MacBook-Air.fios-router.home" ignored="0" name="Test" tests="5" failures="0" timestamp="2019-10-19T23:53:57 EDT" time="43.976" errors="0">
  <testcase name="Signup" time="1.024" classname="tests.FbSignUp"/>
  <testcase name="SNwithvalidinfo" time="9.354" classname="tests.FbSignIn"/>
  <testcase name="linkTest01" time="0.055" classname="tests.FbHomePageTest"/>
  <testcase name="FbURLvarify" time="0.009" classname="tests.FbHomePageTest"/>
  <testcase name="tilleTest" time="0.02" classname="tests.FbHomePageTest"/>
</testsuite> <!-- Test -->
