<?xml version="1.0" encoding="UTF-8"?>
<!-- Generated by org.testng.reporters.JUnitXMLReporter -->
<testsuite hostname="MDs-MacBook-Air.home" ignored="0" name="Test" tests="5" failures="1" timestamp="2019-10-18T20:51:57 EDT" time="35.105" errors="0">
  <testcase name="Signup" time="0.823" classname="tests.FbSignUp"/>
  <testcase name="SNwithvalidinfo" time="3.297" classname="tests.FbSignIn">
    <failure type="org.openqa.selenium.NoSuchElementException" message="Cannot locate an element using xpath=//input[@id=&amp;apos;email&amp;apos;]
For documentation on this error, please visit: https://www.seleniumhq.org/exceptions/no_such_element.html
Build info: version: &amp;apos;3.141.59&amp;apos;, revision: &amp;apos;e82be7d358&amp;apos;, time: &amp;apos;2018-11-14T08:25:48&amp;apos;
System info: host: &amp;apos;MDs-MacBook-Air.home&amp;apos;, ip: &amp;apos;fe80:0:0:0:88b:ccef:4772:8a7c%en0&amp;apos;, os.name: &amp;apos;Mac OS X&amp;apos;, os.arch: &amp;apos;x86_64&amp;apos;, os.version: &amp;apos;10.15&amp;apos;, java.version: &amp;apos;1.8.0_221&amp;apos;
Driver info: driver.version: RemoteWebDriver">
      <![CDATA[org.openqa.selenium.NoSuchElementException: Cannot locate an element using xpath=//input[@id='email']
For documentation on this error, please visit: https://www.seleniumhq.org/exceptions/no_such_element.html
Build info: version: '3.141.59', revision: 'e82be7d358', time: '2018-11-14T08:25:48'
System info: host: 'MDs-MacBook-Air.home', ip: 'fe80:0:0:0:88b:ccef:4772:8a7c%en0', os.name: 'Mac OS X', os.arch: 'x86_64', os.version: '10.15', java.version: '1.8.0_221'
Driver info: driver.version: RemoteWebDriver
at org.openqa.selenium.remote.RemoteWebDriver.findElement(RemoteWebDriver.java:327)
at org.openqa.selenium.remote.RemoteWebDriver.findElementByXPath(RemoteWebDriver.java:428)
at org.openqa.selenium.By$ByXPath.findElement(By.java:353)
at org.openqa.selenium.remote.RemoteWebDriver.findElement(RemoteWebDriver.java:315)
at util.WebDriverAPI02.TypeByXpath(WebDriverAPI02.java:31)
at tests.FbSignIn.SNwithvalidinfo(FbSignIn.java:18)
at java.util.ArrayList.forEach(ArrayList.java:1257)
... Removed 27 stack frames]]>
    </failure>
  </testcase> <!-- SNwithvalidinfo -->
  <testcase name="linkTest01" time="0.056" classname="tests.FbHomePageTest"/>
  <testcase name="FbURLvarify" time="0.01" classname="tests.FbHomePageTest"/>
  <testcase name="tilleTest" time="0.011" classname="tests.FbHomePageTest"/>
</testsuite> <!-- Test -->
