<?xml version="1.0" encoding="UTF-8"?>
<testng-results skipped="0" failed="1" ignored="0" total="5" passed="4">
  <reporter-output>
  </reporter-output>
  <suite name="Suite" duration-ms="35105" started-at="2019-10-18T20:51:22 EDT" finished-at="2019-10-18T20:51:57 EDT">
    <groups>
      <group name="Random">
        <method signature="FbHomePageTest.FbURLvarify()[pri:1, instance:tests.FbHomePageTest@731a74c]" name="FbURLvarify" class="tests.FbHomePageTest"/>
        <method signature="FbHomePageTest.linkTest01()[pri:0, instance:tests.FbHomePageTest@731a74c]" name="linkTest01" class="tests.FbHomePageTest"/>
        <method signature="FbHomePageTest.tilleTest()[pri:2, instance:tests.FbHomePageTest@731a74c]" name="tilleTest" class="tests.FbHomePageTest"/>
      </group> <!-- Random -->
      <group name="Smoke">
        <method signature="FbSignIn.SNwithvalidinfo()[pri:0, instance:tests.FbSignIn@4b4523f8]" name="SNwithvalidinfo" class="tests.FbSignIn"/>
        <method signature="FbSignUp.Signup()[pri:0, instance:tests.FbSignUp@5a8e6209]" name="Signup" class="tests.FbSignUp"/>
      </group> <!-- Smoke -->
    </groups>
    <test name="Test" duration-ms="35105" started-at="2019-10-18T20:51:22 EDT" finished-at="2019-10-18T20:51:57 EDT">
      <class name="tests.FbHomePageTest">
        <test-method status="PASS" signature="setupbrowser(java.lang.String)[pri:0, instance:tests.FbHomePageTest@731a74c]" name="setupbrowser" is-config="true" duration-ms="5226" started-at="2019-10-18T20:51:41 EDT" finished-at="2019-10-18T20:51:46 EDT">
          <params>
            <param index="0">
              <value>
                <![CDATA[chrome]]>
              </value>
            </param>
          </params>
          <reporter-output>
          </reporter-output>
        </test-method> <!-- setupbrowser -->
        <test-method status="PASS" signature="linkTest01()[pri:0, instance:tests.FbHomePageTest@731a74c]" name="linkTest01" duration-ms="56" started-at="2019-10-18T20:51:46 EDT" finished-at="2019-10-18T20:51:46 EDT">
          <reporter-output>
          </reporter-output>
        </test-method> <!-- linkTest01 -->
        <test-method status="PASS" signature="close()[pri:0, instance:tests.FbHomePageTest@731a74c]" name="close" is-config="true" duration-ms="172" started-at="2019-10-18T20:51:46 EDT" finished-at="2019-10-18T20:51:46 EDT">
          <reporter-output>
          </reporter-output>
        </test-method> <!-- close -->
        <test-method status="PASS" signature="setupbrowser(java.lang.String)[pri:0, instance:tests.FbHomePageTest@731a74c]" name="setupbrowser" is-config="true" duration-ms="5404" started-at="2019-10-18T20:51:46 EDT" finished-at="2019-10-18T20:51:51 EDT">
          <params>
            <param index="0">
              <value>
                <![CDATA[chrome]]>
              </value>
            </param>
          </params>
          <reporter-output>
          </reporter-output>
        </test-method> <!-- setupbrowser -->
        <test-method status="PASS" signature="FbURLvarify()[pri:1, instance:tests.FbHomePageTest@731a74c]" name="FbURLvarify" duration-ms="10" started-at="2019-10-18T20:51:51 EDT" finished-at="2019-10-18T20:51:51 EDT">
          <reporter-output>
          </reporter-output>
        </test-method> <!-- FbURLvarify -->
        <test-method status="PASS" signature="close()[pri:0, instance:tests.FbHomePageTest@731a74c]" name="close" is-config="true" duration-ms="176" started-at="2019-10-18T20:51:51 EDT" finished-at="2019-10-18T20:51:52 EDT">
          <reporter-output>
          </reporter-output>
        </test-method> <!-- close -->
        <test-method status="PASS" signature="setupbrowser(java.lang.String)[pri:0, instance:tests.FbHomePageTest@731a74c]" name="setupbrowser" is-config="true" duration-ms="5415" started-at="2019-10-18T20:51:52 EDT" finished-at="2019-10-18T20:51:57 EDT">
          <params>
            <param index="0">
              <value>
                <![CDATA[chrome]]>
              </value>
            </param>
          </params>
          <reporter-output>
          </reporter-output>
        </test-method> <!-- setupbrowser -->
        <test-method status="PASS" signature="tilleTest()[pri:2, instance:tests.FbHomePageTest@731a74c]" name="tilleTest" duration-ms="11" started-at="2019-10-18T20:51:57 EDT" finished-at="2019-10-18T20:51:57 EDT">
          <reporter-output>
          </reporter-output>
        </test-method> <!-- tilleTest -->
        <test-method status="PASS" signature="close()[pri:0, instance:tests.FbHomePageTest@731a74c]" name="close" is-config="true" duration-ms="266" started-at="2019-10-18T20:51:57 EDT" finished-at="2019-10-18T20:51:57 EDT">
          <reporter-output>
          </reporter-output>
        </test-method> <!-- close -->
      </class> <!-- tests.FbHomePageTest -->
      <class name="tests.FbSignIn">
        <test-method status="PASS" signature="setupbrowser(java.lang.String)[pri:0, instance:tests.FbSignIn@4b4523f8]" name="setupbrowser" is-config="true" duration-ms="3651" started-at="2019-10-18T20:51:33 EDT" finished-at="2019-10-18T20:51:37 EDT">
          <params>
            <param index="0">
              <value>
                <![CDATA[chrome]]>
              </value>
            </param>
          </params>
          <reporter-output>
          </reporter-output>
        </test-method> <!-- setupbrowser -->
        <test-method status="FAIL" signature="SNwithvalidinfo()[pri:0, instance:tests.FbSignIn@4b4523f8]" name="SNwithvalidinfo" duration-ms="3297" started-at="2019-10-18T20:51:37 EDT" finished-at="2019-10-18T20:51:40 EDT">
          <exception class="org.openqa.selenium.NoSuchElementException">
            <message>
              <![CDATA[Cannot locate an element using xpath=//input[@id='email']
For documentation on this error, please visit: https://www.seleniumhq.org/exceptions/no_such_element.html
Build info: version: '3.141.59', revision: 'e82be7d358', time: '2018-11-14T08:25:48'
System info: host: 'MDs-MacBook-Air.home', ip: 'fe80:0:0:0:88b:ccef:4772:8a7c%en0', os.name: 'Mac OS X', os.arch: 'x86_64', os.version: '10.15', java.version: '1.8.0_221'
Driver info: driver.version: RemoteWebDriver]]>
            </message>
            <full-stacktrace>
              <![CDATA[org.openqa.selenium.NoSuchElementException: Cannot locate an element using xpath=//input[@id='email']
For documentation on this error, please visit: https://www.seleniumhq.org/exceptions/no_such_element.html
Build info: version: '3.141.59', revision: 'e82be7d358', time: '2018-11-14T08:25:48'
System info: host: 'MDs-MacBook-Air.home', ip: 'fe80:0:0:0:88b:ccef:4772:8a7c%en0', os.name: 'Mac OS X', os.arch: 'x86_64', os.version: '10.15', java.version: '1.8.0_221'
Driver info: driver.version: RemoteWebDriver
at org.openqa.selenium.remote.RemoteWebDriver.findElement(RemoteWebDriver.java:327)
at org.openqa.selenium.remote.RemoteWebDriver.findElementByXPath(RemoteWebDriver.java:428)
at org.openqa.selenium.By$ByXPath.findElement(By.java:353)
at org.openqa.selenium.remote.RemoteWebDriver.findElement(RemoteWebDriver.java:315)
at util.WebDriverAPI02.TypeByXpath(WebDriverAPI02.java:31)
at tests.FbSignIn.SNwithvalidinfo(FbSignIn.java:18)
at sun.reflect.NativeMethodAccessorImpl.invoke0(Native Method)
at sun.reflect.NativeMethodAccessorImpl.invoke(NativeMethodAccessorImpl.java:62)
at sun.reflect.DelegatingMethodAccessorImpl.invoke(DelegatingMethodAccessorImpl.java:43)
at java.lang.reflect.Method.invoke(Method.java:498)
at org.testng.internal.MethodInvocationHelper.invokeMethod(MethodInvocationHelper.java:133)
at org.testng.internal.TestInvoker.invokeMethod(TestInvoker.java:584)
at org.testng.internal.TestInvoker.invokeTestMethod(TestInvoker.java:172)
at org.testng.internal.MethodRunner.runInSequence(MethodRunner.java:46)
at org.testng.internal.TestInvoker$MethodInvocationAgent.invoke(TestInvoker.java:804)
at org.testng.internal.TestInvoker.invokeTestMethods(TestInvoker.java:145)
at org.testng.internal.TestMethodWorker.invokeTestMethods(TestMethodWorker.java:146)
at org.testng.internal.TestMethodWorker.run(TestMethodWorker.java:128)
at java.util.ArrayList.forEach(ArrayList.java:1257)
at org.testng.TestRunner.privateRun(TestRunner.java:770)
at org.testng.TestRunner.run(TestRunner.java:591)
at org.testng.SuiteRunner.runTest(SuiteRunner.java:402)
at org.testng.SuiteRunner.runSequentially(SuiteRunner.java:396)
at org.testng.SuiteRunner.privateRun(SuiteRunner.java:355)
at org.testng.SuiteRunner.run(SuiteRunner.java:304)
at org.testng.SuiteRunnerWorker.runSuite(SuiteRunnerWorker.java:53)
at org.testng.SuiteRunnerWorker.run(SuiteRunnerWorker.java:96)
at org.testng.TestNG.runSuitesSequentially(TestNG.java:1180)
at org.testng.TestNG.runSuitesLocally(TestNG.java:1102)
at org.testng.TestNG.runSuites(TestNG.java:1032)
at org.testng.TestNG.run(TestNG.java:1000)
at org.testng.remote.AbstractRemoteTestNG.run(AbstractRemoteTestNG.java:115)
at org.testng.remote.RemoteTestNG.initAndRun(RemoteTestNG.java:251)
at org.testng.remote.RemoteTestNG.main(RemoteTestNG.java:77)
]]>
            </full-stacktrace>
          </exception> <!-- org.openqa.selenium.NoSuchElementException -->
          <reporter-output>
          </reporter-output>
        </test-method> <!-- SNwithvalidinfo -->
        <test-method status="PASS" signature="close()[pri:0, instance:tests.FbSignIn@4b4523f8]" name="close" is-config="true" duration-ms="120" started-at="2019-10-18T20:51:40 EDT" finished-at="2019-10-18T20:51:41 EDT">
          <reporter-output>
          </reporter-output>
        </test-method> <!-- close -->
      </class> <!-- tests.FbSignIn -->
      <class name="tests.FbSignUp">
        <test-method status="PASS" signature="setupbrowser(java.lang.String)[pri:0, instance:tests.FbSignUp@5a8e6209]" name="setupbrowser" is-config="true" duration-ms="10134" started-at="2019-10-18T20:51:22 EDT" finished-at="2019-10-18T20:51:32 EDT">
          <params>
            <param index="0">
              <value>
                <![CDATA[chrome]]>
              </value>
            </param>
          </params>
          <reporter-output>
          </reporter-output>
        </test-method> <!-- setupbrowser -->
        <test-method status="PASS" signature="Signup()[pri:0, instance:tests.FbSignUp@5a8e6209]" name="Signup" duration-ms="823" started-at="2019-10-18T20:51:32 EDT" finished-at="2019-10-18T20:51:33 EDT">
          <reporter-output>
          </reporter-output>
        </test-method> <!-- Signup -->
        <test-method status="PASS" signature="close()[pri:0, instance:tests.FbSignUp@5a8e6209]" name="close" is-config="true" duration-ms="258" started-at="2019-10-18T20:51:33 EDT" finished-at="2019-10-18T20:51:33 EDT">
          <reporter-output>
          </reporter-output>
        </test-method> <!-- close -->
      </class> <!-- tests.FbSignUp -->
    </test> <!-- Test -->
  </suite> <!-- Suite -->
</testng-results>
